2026-01-30T12:29:31.318174+00:00 - Employee:1 Date:2026-01-30 PolicyOrg:1 PolicyKeys:['shiftTimes', 'gracePeriod']
2026-01-30T12:29:32.395402+00:00 - Employee:1 Date:2026-01-30 PolicyOrg:1 PolicyKeys:['shiftTimes', 'gracePeriod']
2026-01-30T12:29:33.536225+00:00 - Employee:1 Date:2026-01-30 PolicyOrg:1 PolicyKeys:['shiftTimes', 'gracePeriod']
2026-01-30T12:29:34.569787+00:00 - Employee:1 Date:2026-01-30 PolicyOrg:1 PolicyKeys:['shiftTimes', 'gracePeriod']
2026-01-30T12:29:35.666867+00:00 - Employee:1 Date:2026-01-30 PolicyOrg:1 PolicyKeys:['shiftTimes', 'gracePeriod', 'lateEarlyRules']
2026-01-30T12:29:36.837699+00:00 - Employee:1 Date:2026-01-30 PolicyOrg:1 PolicyKeys:['shiftTimes', 'gracePeriod']
2026-01-30T12:29:38.115110+00:00 - Employee:1 Date:2026-01-30 PolicyOrg:1 PolicyKeys:['shiftTimes', 'gracePeriod', 'absentRules']
2026-01-30T12:33:50.824996+00:00 - Employee:14 Date:2026-01-30 PolicyOrg:1 PolicyKeys:['shiftTimes', 'gracePeriod', 'lateEarlyRules', 'absentRules', 'attendanceCorrection']
2026-01-30T12:33:50.839362+00:00 - Employee:1 Date:2026-01-30 PolicyOrg:1 PolicyKeys:['shiftTimes', 'gracePeriod', 'lateEarlyRules', 'absentRules', 'attendanceCorrection']
2026-01-30T12:33:50.849062+00:00 - Employee:2 Date:2026-01-30 PolicyOrg:1 PolicyKeys:['shiftTimes', 'gracePeriod', 'lateEarlyRules', 'absentRules', 'attendanceCorrection']
2026-01-30T12:33:50.868795+00:00 - Employee:5 Date:2026-01-30 PolicyOrg:1 PolicyKeys:['shiftTimes', 'gracePeriod', 'lateEarlyRules', 'absentRules', 'attendanceCorrection']
2026-01-30T12:33:50.879239+00:00 - Employee:8 Date:2026-01-30 PolicyOrg:1 PolicyKeys:['shiftTimes', 'gracePeriod', 'lateEarlyRules', 'absentRules', 'attendanceCorrection']
2026-01-30T12:33:50.890284+00:00 - Employee:11 Date:2026-01-30 PolicyOrg:1 PolicyKeys:['shiftTimes', 'gracePeriod', 'lateEarlyRules', 'absentRules', 'attendanceCorrection']
2026-01-30T12:33:50.899876+00:00 - Employee:17 Date:2026-01-30 PolicyOrg:1 PolicyKeys:['shiftTimes', 'gracePeriod', 'lateEarlyRules', 'absentRules', 'attendanceCorrection']
2026-01-30T12:33:50.910601+00:00 - Employee:20 Date:2026-01-30 PolicyOrg:1 PolicyKeys:['shiftTimes', 'gracePeriod', 'lateEarlyRules', 'absentRules', 'attendanceCorrection']
2026-01-30T12:33:50.919426+00:00 - Employee:23 Date:2026-01-30 PolicyOrg:1 PolicyKeys:['shiftTimes', 'gracePeriod', 'lateEarlyRules', 'absentRules', 'attendanceCorrection']
2026-01-30T12:33:50.926574+00:00 - Employee:26 Date:2026-01-30 PolicyOrg:1 PolicyKeys:['shiftTimes', 'gracePeriod', 'lateEarlyRules', 'absentRules', 'attendanceCorrection']
2026-01-30T12:33:50.934573+00:00 - Employee:29 Date:2026-01-30 PolicyOrg:1 PolicyKeys:['shiftTimes', 'gracePeriod', 'lateEarlyRules', 'absentRules', 'attendanceCorrection']
2026-01-30T12:33:50.943441+00:00 - Employee:32 Date:2026-01-30 PolicyOrg:1 PolicyKeys:['shiftTimes', 'gracePeriod', 'lateEarlyRules', 'absentRules', 'attendanceCorrection']
2026-01-30T12:33:50.950782+00:00 - Employee:35 Date:2026-01-30 PolicyOrg:1 PolicyKeys:['shiftTimes', 'gracePeriod', 'lateEarlyRules', 'absentRules', 'attendanceCorrection']
2026-01-30T12:33:50.959616+00:00 - Employee:38 Date:2026-01-30 PolicyOrg:1 PolicyKeys:['shiftTimes', 'gracePeriod', 'lateEarlyRules', 'absentRules', 'attendanceCorrection']
2026-01-30T12:33:50.966445+00:00 - Employee:41 Date:2026-01-30 PolicyOrg:1 PolicyKeys:['shiftTimes', 'gracePeriod', 'lateEarlyRules', 'absentRules', 'attendanceCorrection']
2026-01-30T12:33:50.974208+00:00 - Employee:44 Date:2026-01-30 PolicyOrg:1 PolicyKeys:['shiftTimes', 'gracePeriod', 'lateEarlyRules', 'absentRules', 'attendanceCorrection']
2026-01-30T12:33:50.981545+00:00 - Employee:47 Date:2026-01-30 PolicyOrg:1 PolicyKeys:['shiftTimes', 'gracePeriod', 'lateEarlyRules', 'absentRules', 'attendanceCorrection']
2026-01-30T12:33:50.990103+00:00 - Employee:50 Date:2026-01-30 PolicyOrg:1 PolicyKeys:['shiftTimes', 'gracePeriod', 'lateEarlyRules', 'absentRules', 'attendanceCorrection']
2026-01-30T12:33:50.997500+00:00 - Employee:53 Date:2026-01-30 PolicyOrg:1 PolicyKeys:['shiftTimes', 'gracePeriod', 'lateEarlyRules', 'absentRules', 'attendanceCorrection']
2026-01-30T12:33:51.004960+00:00 - Employee:56 Date:2026-01-30 PolicyOrg:1 PolicyKeys:['shiftTimes', 'gracePeriod', 'lateEarlyRules', 'absentRules', 'attendanceCorrection']
2026-01-30T12:33:51.012305+00:00 - Employee:59 Date:2026-01-30 PolicyOrg:1 PolicyKeys:['shiftTimes', 'gracePeriod', 'lateEarlyRules', 'absentRules', 'attendanceCorrection']
2026-01-30T12:33:51.020166+00:00 - Employee:62 Date:2026-01-30 PolicyOrg:1 PolicyKeys:['shiftTimes', 'gracePeriod', 'lateEarlyRules', 'absentRules', 'attendanceCorrection']
2026-01-30T12:33:51.028617+00:00 - Employee:65 Date:2026-01-30 PolicyOrg:1 PolicyKeys:['shiftTimes', 'gracePeriod', 'lateEarlyRules', 'absentRules', 'attendanceCorrection']
2026-01-30T12:33:51.039613+00:00 - Employee:67 Date:2026-01-30 PolicyOrg:1 PolicyKeys:['shiftTimes', 'gracePeriod', 'lateEarlyRules', 'absentRules', 'attendanceCorrection']
2026-01-30T12:33:51.052845+00:00 - Employee:68 Date:2026-01-30 PolicyOrg:1 PolicyKeys:['shiftTimes', 'gracePeriod', 'lateEarlyRules', 'absentRules', 'attendanceCorrection']
2026-01-30T12:33:51.061900+00:00 - Employee:71 Date:2026-01-30 PolicyOrg:1 PolicyKeys:['shiftTimes', 'gracePeriod', 'lateEarlyRules', 'absentRules', 'attendanceCorrection']
2026-01-30T12:33:51.071374+00:00 - Employee:74 Date:2026-01-30 PolicyOrg:1 PolicyKeys:['shiftTimes', 'gracePeriod', 'lateEarlyRules', 'absentRules', 'attendanceCorrection']
2026-01-30T12:33:51.078480+00:00 - Employee:77 Date:2026-01-30 PolicyOrg:1 PolicyKeys:['shiftTimes', 'gracePeriod', 'lateEarlyRules', 'absentRules', 'attendanceCorrection']
2026-01-30T12:33:51.087093+00:00 - Employee:80 Date:2026-01-30 PolicyOrg:1 PolicyKeys:['shiftTimes', 'gracePeriod', 'lateEarlyRules', 'absentRules', 'attendanceCorrection']
2026-01-30T12:39:22.957675+00:00 - Employee:1 Date:2026-01-30 PolicyOrg:1 PolicyKeys:['shiftTimes', 'gracePeriod']
2026-01-30T12:39:22.972501+00:00 - Employee:1 Date:2026-01-30 PolicyOrg:1 PolicyKeys:['shiftTimes', 'gracePeriod']
2026-01-30T12:39:22.979578+00:00 - Employee:1 Date:2026-01-30 PolicyOrg:1 PolicyKeys:['shiftTimes', 'gracePeriod']
2026-01-30T12:39:24.018267+00:00 - Employee:1 Date:2026-01-30 PolicyOrg:1 PolicyKeys:['shiftTimes']
2026-01-30T12:39:24.030169+00:00 - Employee:1 Date:2026-01-30 PolicyOrg:1 PolicyKeys:['shiftTimes', 'lateEarlyRules']
2026-01-30T12:39:24.038548+00:00 - Employee:1 Date:2026-01-30 PolicyOrg:1 PolicyKeys:['shiftTimes', 'lateEarlyRules']
2026-01-30T12:39:25.093602+00:00 - Employee:1 Date:2026-01-30 PolicyOrg:1 PolicyKeys:['shiftTimes', 'absentRules']
2026-01-30T12:39:25.103866+00:00 - Employee:1 Date:2026-01-30 PolicyOrg:1 PolicyKeys:['shiftTimes', 'absentRules']
2026-01-30T12:39:25.118146+00:00 - Employee:1 Date:2026-01-30 PolicyOrg:1 PolicyKeys:['shiftTimes', 'absentRules']
2026-01-30T12:52:17.140207+00:00 - Employee:1 Date:2026-01-30 PolicyOrg:1 PolicyKeys:['shiftTimes', 'gracePeriod']
2026-01-30T12:53:31.124695+00:00 - Employee:1 Date:2026-01-30 PolicyOrg:1 PolicyKeys:['shiftTimes', 'gracePeriod', 'lateEarlyRules']
2026-01-30T12:53:32.408449+00:00 - Employee:1 Date:2026-01-30 PolicyOrg:1 PolicyKeys:['shiftTimes', 'gracePeriod']
2026-01-30T12:53:33.427952+00:00 - Employee:1 Date:2026-01-30 PolicyOrg:1 PolicyKeys:['shiftTimes', 'gracePeriod', 'absentRules']
2026-01-30T12:53:34.490167+00:00 - Employee:1 Date:2026-01-30 PolicyOrg:1 PolicyKeys:['shiftTimes', 'gracePeriod']
2026-01-30T12:53:35.733589+00:00 - Employee:1 Date:2026-01-30 PolicyOrg:1 PolicyKeys:['shiftTimes', 'gracePeriod']
2026-01-30T12:53:36.793449+00:00 - Employee:1 Date:2026-01-30 PolicyOrg:1 PolicyKeys:['shiftTimes', 'gracePeriod']
2026-01-30T12:53:37.857101+00:00 - Employee:1 Date:2026-01-30 PolicyOrg:1 PolicyKeys:['shiftTimes', 'gracePeriod']
2026-01-30T12:53:38.941568+00:00 - Employee:1 Date:2026-01-30 PolicyOrg:None PolicyKeys:[]
2026-01-30T12:53:39.966486+00:00 - Employee:1 Date:2026-01-30 PolicyOrg:1 PolicyKeys:['shiftTimes', 'gracePeriod']
2026-01-30T12:53:39.972293+00:00 - Employee:1 Date:2026-01-30 PolicyOrg:1 PolicyKeys:['shiftTimes', 'gracePeriod']
2026-01-30T12:53:39.978364+00:00 - Employee:1 Date:2026-01-30 PolicyOrg:1 PolicyKeys:['shiftTimes', 'gracePeriod']
2026-01-30T12:53:41.054741+00:00 - Employee:1 Date:2026-01-30 PolicyOrg:1 PolicyKeys:['shiftTimes']
2026-01-30T12:53:41.062649+00:00 - Employee:1 Date:2026-01-30 PolicyOrg:1 PolicyKeys:['shiftTimes', 'lateEarlyRules']
2026-01-30T12:53:41.072223+00:00 - Employee:1 Date:2026-01-30 PolicyOrg:1 PolicyKeys:['shiftTimes', 'lateEarlyRules']
2026-01-30T12:53:42.100122+00:00 - Employee:1 Date:2026-01-30 PolicyOrg:1 PolicyKeys:['shiftTimes', 'absentRules']
2026-01-30T12:53:42.106132+00:00 - Employee:1 Date:2026-01-30 PolicyOrg:1 PolicyKeys:['shiftTimes', 'absentRules']
2026-01-30T12:53:42.109560+00:00 - Employee:1 Date:2026-01-30 PolicyOrg:1 PolicyKeys:['shiftTimes', 'absentRules']
2026-01-31T02:01:29.196881+00:00 - Employee:2 Date:2026-01-31 PolicyOrg:1 PolicyKeys:['shiftTimes', 'gracePeriod', 'lateEarlyRules', 'absentRules', 'attendanceCorrection']
2026-01-31T02:01:29.254734+00:00 - Employee:2 Date:2026-01-31 PolicyOrg:1 PolicyKeys:['shiftTimes', 'gracePeriod', 'lateEarlyRules', 'absentRules', 'attendanceCorrection']
