2026-01-30T12:29:31.318174+00:00 - Employee:1 Date:2026-01-30 PolicyOrg:1 PolicyKeys:['shiftTimes', 'gracePeriod']
2026-01-30T12:29:32.395402+00:00 - Employee:1 Date:2026-01-30 PolicyOrg:1 PolicyKeys:['shiftTimes', 'gracePeriod']
2026-01-30T12:29:33.536225+00:00 - Employee:1 Date:2026-01-30 PolicyOrg:1 PolicyKeys:['shiftTimes', 'gracePeriod']
2026-01-30T12:29:34.569787+00:00 - Employee:1 Date:2026-01-30 PolicyOrg:1 PolicyKeys:['shiftTimes', 'gracePeriod']
2026-01-30T12:29:35.666867+00:00 - Employee:1 Date:2026-01-30 PolicyOrg:1 PolicyKeys:['shiftTimes', 'gracePeriod', 'lateEarlyRules']
2026-01-30T12:29:36.837699+00:00 - Employee:1 Date:2026-01-30 PolicyOrg:1 PolicyKeys:['shiftTimes', 'gracePeriod']
2026-01-30T12:29:38.115110+00:00 - Employee:1 Date:2026-01-30 PolicyOrg:1 PolicyKeys:['shiftTimes', 'gracePeriod', 'absentRules']
2026-01-30T12:33:50.824996+00:00 - Employee:14 Date:2026-01-30 PolicyOrg:1 PolicyKeys:['shiftTimes', 'gracePeriod', 'lateEarlyRules', 'absentRules', 'attendanceCorrection']
2026-01-30T12:33:50.839362+00:00 - Employee:1 Date:2026-01-30 PolicyOrg:1 PolicyKeys:['shiftTimes', 'gracePeriod', 'lateEarlyRules', 'absentRules', 'attendanceCorrection']
2026-01-30T12:33:50.849062+00:00 - Employee:2 Date:2026-01-30 PolicyOrg:1 PolicyKeys:['shiftTimes', 'gracePeriod', 'lateEarlyRules', 'absentRules', 'attendanceCorrection']
2026-01-30T12:33:50.868795+00:00 - Employee:5 Date:2026-01-30 PolicyOrg:1 PolicyKeys:['shiftTimes', 'gracePeriod', 'lateEarlyRules', 'absentRules', 'attendanceCorrection']
2026-01-30T12:33:50.879239+00:00 - Employee:8 Date:2026-01-30 PolicyOrg:1 PolicyKeys:['shiftTimes', 'gracePeriod', 'lateEarlyRules', 'absentRules', 'attendanceCorrection']
2026-01-30T12:33:50.890284+00:00 - Employee:11 Date:2026-01-30 PolicyOrg:1 PolicyKeys:['shiftTimes', 'gracePeriod', 'lateEarlyRules', 'absentRules', 'attendanceCorrection']
2026-01-30T12:33:50.899876+00:00 - Employee:17 Date:2026-01-30 PolicyOrg:1 PolicyKeys:['shiftTimes', 'gracePeriod', 'lateEarlyRules', 'absentRules', 'attendanceCorrection']
2026-01-30T12:33:50.910601+00:00 - Employee:20 Date:2026-01-30 PolicyOrg:1 PolicyKeys:['shiftTimes', 'gracePeriod', 'lateEarlyRules', 'absentRules', 'attendanceCorrection']
2026-01-30T12:33:50.919426+00:00 - Employee:23 Date:2026-01-30 PolicyOrg:1 PolicyKeys:['shiftTimes', 'gracePeriod', 'lateEarlyRules', 'absentRules', 'attendanceCorrection']
2026-01-30T12:33:50.926574+00:00 - Employee:26 Date:2026-01-30 PolicyOrg:1 PolicyKeys:['shiftTimes', 'gracePeriod', 'lateEarlyRules', 'absentRules', 'attendanceCorrection']
2026-01-30T12:33:50.934573+00:00 - Employee:29 Date:2026-01-30 PolicyOrg:1 PolicyKeys:['shiftTimes', 'gracePeriod', 'lateEarlyRules', 'absentRules', 'attendanceCorrection']
2026-01-30T12:33:50.943441+00:00 - Employee:32 Date:2026-01-30 PolicyOrg:1 PolicyKeys:['shiftTimes', 'gracePeriod', 'lateEarlyRules', 'absentRules', 'attendanceCorrection']
2026-01-30T12:33:50.950782+00:00 - Employee:35 Date:2026-01-30 PolicyOrg:1 PolicyKeys:['shiftTimes', 'gracePeriod', 'lateEarlyRules', 'absentRules', 'attendanceCorrection']
2026-01-30T12:33:50.959616+00:00 - Employee:38 Date:2026-01-30 PolicyOrg:1 PolicyKeys:['shiftTimes', 'gracePeriod', 'lateEarlyRules', 'absentRules', 'attendanceCorrection']
2026-01-30T12:33:50.966445+00:00 - Employee:41 Date:2026-01-30 PolicyOrg:1 PolicyKeys:['shiftTimes', 'gracePeriod', 'lateEarlyRules', 'absentRules', 'attendanceCorrection']
2026-01-30T12:33:50.974208+00:00 - Employee:44 Date:2026-01-30 PolicyOrg:1 PolicyKeys:['shiftTimes', 'gracePeriod', 'lateEarlyRules', 'absentRules', 'attendanceCorrection']
2026-01-30T12:33:50.981545+00:00 - Employee:47 Date:2026-01-30 PolicyOrg:1 PolicyKeys:['shiftTimes', 'gracePeriod', 'lateEarlyRules', 'absentRules', 'attendanceCorrection']
2026-01-30T12:33:50.990103+00:00 - Employee:50 Date:2026-01-30 PolicyOrg:1 PolicyKeys:['shiftTimes', 'gracePeriod', 'lateEarlyRules', 'absentRules', 'attendanceCorrection']
2026-01-30T12:33:50.997500+00:00 - Employee:53 Date:2026-01-30 PolicyOrg:1 PolicyKeys:['shiftTimes', 'gracePeriod', 'lateEarlyRules', 'absentRules', 'attendanceCorrection']
2026-01-30T12:33:51.004960+00:00 - Employee:56 Date:2026-01-30 PolicyOrg:1 PolicyKeys:['shiftTimes', 'gracePeriod', 'lateEarlyRules', 'absentRules', 'attendanceCorrection']
2026-01-30T12:33:51.012305+00:00 - Employee:59 Date:2026-01-30 PolicyOrg:1 PolicyKeys:['shiftTimes', 'gracePeriod', 'lateEarlyRules', 'absentRules', 'attendanceCorrection']
2026-01-30T12:33:51.020166+00:00 - Employee:62 Date:2026-01-30 PolicyOrg:1 PolicyKeys:['shiftTimes', 'gracePeriod', 'lateEarlyRules', 'absentRules', 'attendanceCorrection']
2026-01-30T12:33:51.028617+00:00 - Employee:65 Date:2026-01-30 PolicyOrg:1 PolicyKeys:['shiftTimes', 'gracePeriod', 'lateEarlyRules', 'absentRules', 'attendanceCorrection']
2026-01-30T12:33:51.039613+00:00 - Employee:67 Date:2026-01-30 PolicyOrg:1 PolicyKeys:['shiftTimes', 'gracePeriod', 'lateEarlyRules', 'absentRules', 'attendanceCorrection']
2026-01-30T12:33:51.052845+00:00 - Employee:68 Date:2026-01-30 PolicyOrg:1 PolicyKeys:['shiftTimes', 'gracePeriod', 'lateEarlyRules', 'absentRules', 'attendanceCorrection']
2026-01-30T12:33:51.061900+00:00 - Employee:71 Date:2026-01-30 PolicyOrg:1 PolicyKeys:['shiftTimes', 'gracePeriod', 'lateEarlyRules', 'absentRules', 'attendanceCorrection']
2026-01-30T12:33:51.071374+00:00 - Employee:74 Date:2026-01-30 PolicyOrg:1 PolicyKeys:['shiftTimes', 'gracePeriod', 'lateEarlyRules', 'absentRules', 'attendanceCorrection']
2026-01-30T12:33:51.078480+00:00 - Employee:77 Date:2026-01-30 PolicyOrg:1 PolicyKeys:['shiftTimes', 'gracePeriod', 'lateEarlyRules', 'absentRules', 'attendanceCorrection']
2026-01-30T12:33:51.087093+00:00 - Employee:80 Date:2026-01-30 PolicyOrg:1 PolicyKeys:['shiftTimes', 'gracePeriod', 'lateEarlyRules', 'absentRules', 'attendanceCorrection']
2026-01-30T12:39:22.957675+00:00 - Employee:1 Date:2026-01-30 PolicyOrg:1 PolicyKeys:['shiftTimes', 'gracePeriod']
2026-01-30T12:39:22.972501+00:00 - Employee:1 Date:2026-01-30 PolicyOrg:1 PolicyKeys:['shiftTimes', 'gracePeriod']
2026-01-30T12:39:22.979578+00:00 - Employee:1 Date:2026-01-30 PolicyOrg:1 PolicyKeys:['shiftTimes', 'gracePeriod']
2026-01-30T12:39:24.018267+00:00 - Employee:1 Date:2026-01-30 PolicyOrg:1 PolicyKeys:['shiftTimes']
2026-01-30T12:39:24.030169+00:00 - Employee:1 Date:2026-01-30 PolicyOrg:1 PolicyKeys:['shiftTimes', 'lateEarlyRules']
2026-01-30T12:39:24.038548+00:00 - Employee:1 Date:2026-01-30 PolicyOrg:1 PolicyKeys:['shiftTimes', 'lateEarlyRules']
2026-01-30T12:39:25.093602+00:00 - Employee:1 Date:2026-01-30 PolicyOrg:1 PolicyKeys:['shiftTimes', 'absentRules']
2026-01-30T12:39:25.103866+00:00 - Employee:1 Date:2026-01-30 PolicyOrg:1 PolicyKeys:['shiftTimes', 'absentRules']
2026-01-30T12:39:25.118146+00:00 - Employee:1 Date:2026-01-30 PolicyOrg:1 PolicyKeys:['shiftTimes', 'absentRules']
2026-01-30T12:52:17.140207+00:00 - Employee:1 Date:2026-01-30 PolicyOrg:1 PolicyKeys:['shiftTimes', 'gracePeriod']
2026-01-30T12:53:31.124695+00:00 - Employee:1 Date:2026-01-30 PolicyOrg:1 PolicyKeys:['shiftTimes', 'gracePeriod', 'lateEarlyRules']
2026-01-30T12:53:32.408449+00:00 - Employee:1 Date:2026-01-30 PolicyOrg:1 PolicyKeys:['shiftTimes', 'gracePeriod']
2026-01-30T12:53:33.427952+00:00 - Employee:1 Date:2026-01-30 PolicyOrg:1 PolicyKeys:['shiftTimes', 'gracePeriod', 'absentRules']
2026-01-30T12:53:34.490167+00:00 - Employee:1 Date:2026-01-30 PolicyOrg:1 PolicyKeys:['shiftTimes', 'gracePeriod']
2026-01-30T12:53:35.733589+00:00 - Employee:1 Date:2026-01-30 PolicyOrg:1 PolicyKeys:['shiftTimes', 'gracePeriod']
2026-01-30T12:53:36.793449+00:00 - Employee:1 Date:2026-01-30 PolicyOrg:1 PolicyKeys:['shiftTimes', 'gracePeriod']
2026-01-30T12:53:37.857101+00:00 - Employee:1 Date:2026-01-30 PolicyOrg:1 PolicyKeys:['shiftTimes', 'gracePeriod']
2026-01-30T12:53:38.941568+00:00 - Employee:1 Date:2026-01-30 PolicyOrg:None PolicyKeys:[]
2026-01-30T12:53:39.966486+00:00 - Employee:1 Date:2026-01-30 PolicyOrg:1 PolicyKeys:['shiftTimes', 'gracePeriod']
2026-01-30T12:53:39.972293+00:00 - Employee:1 Date:2026-01-30 PolicyOrg:1 PolicyKeys:['shiftTimes', 'gracePeriod']
2026-01-30T12:53:39.978364+00:00 - Employee:1 Date:2026-01-30 PolicyOrg:1 PolicyKeys:['shiftTimes', 'gracePeriod']
2026-01-30T12:53:41.054741+00:00 - Employee:1 Date:2026-01-30 PolicyOrg:1 PolicyKeys:['shiftTimes']
2026-01-30T12:53:41.062649+00:00 - Employee:1 Date:2026-01-30 PolicyOrg:1 PolicyKeys:['shiftTimes', 'lateEarlyRules']
2026-01-30T12:53:41.072223+00:00 - Employee:1 Date:2026-01-30 PolicyOrg:1 PolicyKeys:['shiftTimes', 'lateEarlyRules']
2026-01-30T12:53:42.100122+00:00 - Employee:1 Date:2026-01-30 PolicyOrg:1 PolicyKeys:['shiftTimes', 'absentRules']
2026-01-30T12:53:42.106132+00:00 - Employee:1 Date:2026-01-30 PolicyOrg:1 PolicyKeys:['shiftTimes', 'absentRules']
2026-01-30T12:53:42.109560+00:00 - Employee:1 Date:2026-01-30 PolicyOrg:1 PolicyKeys:['shiftTimes', 'absentRules']
2026-01-31T02:01:29.196881+00:00 - Employee:2 Date:2026-01-31 PolicyOrg:1 PolicyKeys:['shiftTimes', 'gracePeriod', 'lateEarlyRules', 'absentRules', 'attendanceCorrection']
2026-01-31T02:01:29.254734+00:00 - Employee:2 Date:2026-01-31 PolicyOrg:1 PolicyKeys:['shiftTimes', 'gracePeriod', 'lateEarlyRules', 'absentRules', 'attendanceCorrection']
2026-01-31T07:46:21.145503+00:00 - Employee:67 Date:2026-01-31 PolicyOrg:1 PolicyKeys:['shiftTimes', 'gracePeriod', 'lateEarlyRules', 'absentRules', 'attendanceCorrection']
2026-01-31T08:45:40.862295+00:00 - Employee:14 Date:2026-01-31 PolicyOrg:1 PolicyKeys:['shiftTimes', 'gracePeriod', 'lateEarlyRules', 'absentRules', 'attendanceCorrection']
2026-01-31T08:50:51.415053+00:00 - Employee:14 Date:2026-01-31 PolicyOrg:1 PolicyKeys:['shiftTimes', 'gracePeriod', 'lateEarlyRules', 'absentRules', 'attendanceCorrection']
2026-01-31T08:51:59.982447+00:00 - Employee:14 Date:2026-01-31 PolicyOrg:1 PolicyKeys:['shiftTimes', 'gracePeriod', 'lateEarlyRules', 'absentRules', 'attendanceCorrection']
2026-01-31T15:52:22.743222+00:00 - Employee:14 Date:2026-01-31 PolicyOrg:1 PolicyKeys:['shiftTimes', 'gracePeriod', 'lateEarlyRules', 'absentRules', 'attendanceCorrection']
2026-01-31T16:27:20.264456+00:00 - Employee:14 Date:2026-01-31 PolicyOrg:1 PolicyKeys:['shiftTimes', 'gracePeriod', 'lateEarlyRules', 'absentRules', 'attendanceCorrection']
2026-01-31T16:32:59.946048+00:00 - Employee:14 Date:2026-01-31 PolicyOrg:1 PolicyKeys:['shiftTimes', 'gracePeriod', 'lateEarlyRules', 'absentRules', 'attendanceCorrection']
2026-01-31T16:35:10.725702+00:00 - Employee:67 Date:2026-01-31 PolicyOrg:1 PolicyKeys:['shiftTimes', 'gracePeriod', 'lateEarlyRules', 'absentRules', 'attendanceCorrection']
2026-01-31T16:35:10.741390+00:00 - Employee:14 Date:2026-01-31 PolicyOrg:1 PolicyKeys:['shiftTimes', 'gracePeriod', 'lateEarlyRules', 'absentRules', 'attendanceCorrection']
2026-01-31T16:35:10.754121+00:00 - Employee:2 Date:2026-01-31 PolicyOrg:1 PolicyKeys:['shiftTimes', 'gracePeriod', 'lateEarlyRules', 'absentRules', 'attendanceCorrection']
2026-01-31T16:35:10.765414+00:00 - Employee:1 Date:2026-01-31 PolicyOrg:1 PolicyKeys:['shiftTimes', 'gracePeriod', 'lateEarlyRules', 'absentRules', 'attendanceCorrection']
2026-01-31T16:35:10.774648+00:00 - Employee:3 Date:2026-01-31 PolicyOrg:1 PolicyKeys:['shiftTimes', 'gracePeriod', 'lateEarlyRules', 'absentRules', 'attendanceCorrection']
2026-01-31T16:35:10.786432+00:00 - Employee:4 Date:2026-01-31 PolicyOrg:1 PolicyKeys:['shiftTimes', 'gracePeriod', 'lateEarlyRules', 'absentRules', 'attendanceCorrection']
2026-01-31T16:35:10.796731+00:00 - Employee:5 Date:2026-01-31 PolicyOrg:1 PolicyKeys:['shiftTimes', 'gracePeriod', 'lateEarlyRules', 'absentRules', 'attendanceCorrection']
2026-01-31T16:35:10.808268+00:00 - Employee:6 Date:2026-01-31 PolicyOrg:1 PolicyKeys:['shiftTimes', 'gracePeriod', 'lateEarlyRules', 'absentRules', 'attendanceCorrection']
2026-01-31T16:35:10.822109+00:00 - Employee:7 Date:2026-01-31 PolicyOrg:1 PolicyKeys:['shiftTimes', 'gracePeriod', 'lateEarlyRules', 'absentRules', 'attendanceCorrection']
2026-01-31T16:35:10.832368+00:00 - Employee:8 Date:2026-01-31 PolicyOrg:1 PolicyKeys:['shiftTimes', 'gracePeriod', 'lateEarlyRules', 'absentRules', 'attendanceCorrection']
2026-01-31T16:35:10.841525+00:00 - Employee:9 Date:2026-01-31 PolicyOrg:1 PolicyKeys:['shiftTimes', 'gracePeriod', 'lateEarlyRules', 'absentRules', 'attendanceCorrection']
2026-01-31T16:35:10.853470+00:00 - Employee:10 Date:2026-01-31 PolicyOrg:1 PolicyKeys:['shiftTimes', 'gracePeriod', 'lateEarlyRules', 'absentRules', 'attendanceCorrection']
2026-01-31T16:35:10.863662+00:00 - Employee:11 Date:2026-01-31 PolicyOrg:1 PolicyKeys:['shiftTimes', 'gracePeriod', 'lateEarlyRules', 'absentRules', 'attendanceCorrection']
2026-01-31T16:35:10.872436+00:00 - Employee:12 Date:2026-01-31 PolicyOrg:1 PolicyKeys:['shiftTimes', 'gracePeriod', 'lateEarlyRules', 'absentRules', 'attendanceCorrection']
2026-01-31T16:35:10.882026+00:00 - Employee:13 Date:2026-01-31 PolicyOrg:1 PolicyKeys:['shiftTimes', 'gracePeriod', 'lateEarlyRules', 'absentRules', 'attendanceCorrection']
2026-01-31T16:35:10.891896+00:00 - Employee:15 Date:2026-01-31 PolicyOrg:1 PolicyKeys:['shiftTimes', 'gracePeriod', 'lateEarlyRules', 'absentRules', 'attendanceCorrection']
2026-01-31T16:35:10.904970+00:00 - Employee:16 Date:2026-01-31 PolicyOrg:1 PolicyKeys:['shiftTimes', 'gracePeriod', 'lateEarlyRules', 'absentRules', 'attendanceCorrection']
2026-01-31T16:35:10.914055+00:00 - Employee:17 Date:2026-01-31 PolicyOrg:1 PolicyKeys:['shiftTimes', 'gracePeriod', 'lateEarlyRules', 'absentRules', 'attendanceCorrection']
2026-01-31T16:35:10.923348+00:00 - Employee:18 Date:2026-01-31 PolicyOrg:1 PolicyKeys:['shiftTimes', 'gracePeriod', 'lateEarlyRules', 'absentRules', 'attendanceCorrection']
2026-01-31T16:35:10.933689+00:00 - Employee:19 Date:2026-01-31 PolicyOrg:1 PolicyKeys:['shiftTimes', 'gracePeriod', 'lateEarlyRules', 'absentRules', 'attendanceCorrection']
2026-01-31T16:35:10.943801+00:00 - Employee:20 Date:2026-01-31 PolicyOrg:1 PolicyKeys:['shiftTimes', 'gracePeriod', 'lateEarlyRules', 'absentRules', 'attendanceCorrection']
2026-01-31T16:35:10.954510+00:00 - Employee:21 Date:2026-01-31 PolicyOrg:1 PolicyKeys:['shiftTimes', 'gracePeriod', 'lateEarlyRules', 'absentRules', 'attendanceCorrection']
2026-01-31T16:35:10.963893+00:00 - Employee:22 Date:2026-01-31 PolicyOrg:1 PolicyKeys:['shiftTimes', 'gracePeriod', 'lateEarlyRules', 'absentRules', 'attendanceCorrection']
2026-01-31T16:35:10.975002+00:00 - Employee:23 Date:2026-01-31 PolicyOrg:1 PolicyKeys:['shiftTimes', 'gracePeriod', 'lateEarlyRules', 'absentRules', 'attendanceCorrection']
2026-01-31T16:35:10.984174+00:00 - Employee:24 Date:2026-01-31 PolicyOrg:1 PolicyKeys:['shiftTimes', 'gracePeriod', 'lateEarlyRules', 'absentRules', 'attendanceCorrection']
2026-01-31T16:35:10.994960+00:00 - Employee:25 Date:2026-01-31 PolicyOrg:1 PolicyKeys:['shiftTimes', 'gracePeriod', 'lateEarlyRules', 'absentRules', 'attendanceCorrection']
2026-01-31T16:35:11.004501+00:00 - Employee:26 Date:2026-01-31 PolicyOrg:1 PolicyKeys:['shiftTimes', 'gracePeriod', 'lateEarlyRules', 'absentRules', 'attendanceCorrection']
2026-01-31T16:35:11.015407+00:00 - Employee:27 Date:2026-01-31 PolicyOrg:1 PolicyKeys:['shiftTimes', 'gracePeriod', 'lateEarlyRules', 'absentRules', 'attendanceCorrection']
2026-01-31T16:35:11.024565+00:00 - Employee:28 Date:2026-01-31 PolicyOrg:1 PolicyKeys:['shiftTimes', 'gracePeriod', 'lateEarlyRules', 'absentRules', 'attendanceCorrection']
2026-01-31T16:35:11.034132+00:00 - Employee:29 Date:2026-01-31 PolicyOrg:1 PolicyKeys:['shiftTimes', 'gracePeriod', 'lateEarlyRules', 'absentRules', 'attendanceCorrection']
2026-01-31T16:35:11.045834+00:00 - Employee:30 Date:2026-01-31 PolicyOrg:1 PolicyKeys:['shiftTimes', 'gracePeriod', 'lateEarlyRules', 'absentRules', 'attendanceCorrection']
2026-01-31T16:35:11.056827+00:00 - Employee:31 Date:2026-01-31 PolicyOrg:1 PolicyKeys:['shiftTimes', 'gracePeriod', 'lateEarlyRules', 'absentRules', 'attendanceCorrection']
2026-01-31T16:35:11.066034+00:00 - Employee:32 Date:2026-01-31 PolicyOrg:1 PolicyKeys:['shiftTimes', 'gracePeriod', 'lateEarlyRules', 'absentRules', 'attendanceCorrection']
2026-01-31T16:35:11.075327+00:00 - Employee:33 Date:2026-01-31 PolicyOrg:1 PolicyKeys:['shiftTimes', 'gracePeriod', 'lateEarlyRules', 'absentRules', 'attendanceCorrection']
2026-01-31T16:35:11.086260+00:00 - Employee:34 Date:2026-01-31 PolicyOrg:1 PolicyKeys:['shiftTimes', 'gracePeriod', 'lateEarlyRules', 'absentRules', 'attendanceCorrection']
2026-01-31T16:35:11.105110+00:00 - Employee:35 Date:2026-01-31 PolicyOrg:1 PolicyKeys:['shiftTimes', 'gracePeriod', 'lateEarlyRules', 'absentRules', 'attendanceCorrection']
2026-01-31T16:35:11.119123+00:00 - Employee:36 Date:2026-01-31 PolicyOrg:1 PolicyKeys:['shiftTimes', 'gracePeriod', 'lateEarlyRules', 'absentRules', 'attendanceCorrection']
2026-01-31T16:35:11.129798+00:00 - Employee:37 Date:2026-01-31 PolicyOrg:1 PolicyKeys:['shiftTimes', 'gracePeriod', 'lateEarlyRules', 'absentRules', 'attendanceCorrection']
2026-01-31T16:35:11.142451+00:00 - Employee:38 Date:2026-01-31 PolicyOrg:1 PolicyKeys:['shiftTimes', 'gracePeriod', 'lateEarlyRules', 'absentRules', 'attendanceCorrection']
2026-01-31T16:35:11.155766+00:00 - Employee:39 Date:2026-01-31 PolicyOrg:1 PolicyKeys:['shiftTimes', 'gracePeriod', 'lateEarlyRules', 'absentRules', 'attendanceCorrection']
2026-01-31T16:35:11.165521+00:00 - Employee:40 Date:2026-01-31 PolicyOrg:1 PolicyKeys:['shiftTimes', 'gracePeriod', 'lateEarlyRules', 'absentRules', 'attendanceCorrection']
2026-01-31T16:35:11.181825+00:00 - Employee:41 Date:2026-01-31 PolicyOrg:1 PolicyKeys:['shiftTimes', 'gracePeriod', 'lateEarlyRules', 'absentRules', 'attendanceCorrection']
2026-01-31T16:35:11.193160+00:00 - Employee:42 Date:2026-01-31 PolicyOrg:1 PolicyKeys:['shiftTimes', 'gracePeriod', 'lateEarlyRules', 'absentRules', 'attendanceCorrection']
2026-01-31T16:35:11.206869+00:00 - Employee:43 Date:2026-01-31 PolicyOrg:1 PolicyKeys:['shiftTimes', 'gracePeriod', 'lateEarlyRules', 'absentRules', 'attendanceCorrection']
2026-01-31T16:35:11.224048+00:00 - Employee:44 Date:2026-01-31 PolicyOrg:1 PolicyKeys:['shiftTimes', 'gracePeriod', 'lateEarlyRules', 'absentRules', 'attendanceCorrection']
2026-01-31T16:35:11.239676+00:00 - Employee:45 Date:2026-01-31 PolicyOrg:1 PolicyKeys:['shiftTimes', 'gracePeriod', 'lateEarlyRules', 'absentRules', 'attendanceCorrection']
2026-01-31T16:35:11.252530+00:00 - Employee:46 Date:2026-01-31 PolicyOrg:1 PolicyKeys:['shiftTimes', 'gracePeriod', 'lateEarlyRules', 'absentRules', 'attendanceCorrection']
2026-01-31T16:35:11.266893+00:00 - Employee:47 Date:2026-01-31 PolicyOrg:1 PolicyKeys:['shiftTimes', 'gracePeriod', 'lateEarlyRules', 'absentRules', 'attendanceCorrection']
2026-01-31T16:35:11.280449+00:00 - Employee:48 Date:2026-01-31 PolicyOrg:1 PolicyKeys:['shiftTimes', 'gracePeriod', 'lateEarlyRules', 'absentRules', 'attendanceCorrection']
2026-01-31T16:35:11.293080+00:00 - Employee:49 Date:2026-01-31 PolicyOrg:1 PolicyKeys:['shiftTimes', 'gracePeriod', 'lateEarlyRules', 'absentRules', 'attendanceCorrection']
2026-01-31T16:35:11.306184+00:00 - Employee:50 Date:2026-01-31 PolicyOrg:1 PolicyKeys:['shiftTimes', 'gracePeriod', 'lateEarlyRules', 'absentRules', 'attendanceCorrection']
2026-01-31T16:35:11.316983+00:00 - Employee:51 Date:2026-01-31 PolicyOrg:1 PolicyKeys:['shiftTimes', 'gracePeriod', 'lateEarlyRules', 'absentRules', 'attendanceCorrection']
2026-01-31T16:35:11.329712+00:00 - Employee:52 Date:2026-01-31 PolicyOrg:1 PolicyKeys:['shiftTimes', 'gracePeriod', 'lateEarlyRules', 'absentRules', 'attendanceCorrection']
2026-01-31T16:35:11.342564+00:00 - Employee:53 Date:2026-01-31 PolicyOrg:1 PolicyKeys:['shiftTimes', 'gracePeriod', 'lateEarlyRules', 'absentRules', 'attendanceCorrection']
2026-01-31T16:35:11.358034+00:00 - Employee:54 Date:2026-01-31 PolicyOrg:1 PolicyKeys:['shiftTimes', 'gracePeriod', 'lateEarlyRules', 'absentRules', 'attendanceCorrection']
2026-01-31T16:35:11.370726+00:00 - Employee:55 Date:2026-01-31 PolicyOrg:1 PolicyKeys:['shiftTimes', 'gracePeriod', 'lateEarlyRules', 'absentRules', 'attendanceCorrection']
2026-01-31T16:35:11.383498+00:00 - Employee:56 Date:2026-01-31 PolicyOrg:1 PolicyKeys:['shiftTimes', 'gracePeriod', 'lateEarlyRules', 'absentRules', 'attendanceCorrection']
2026-01-31T16:35:11.402637+00:00 - Employee:57 Date:2026-01-31 PolicyOrg:1 PolicyKeys:['shiftTimes', 'gracePeriod', 'lateEarlyRules', 'absentRules', 'attendanceCorrection']
2026-01-31T16:35:11.421841+00:00 - Employee:58 Date:2026-01-31 PolicyOrg:1 PolicyKeys:['shiftTimes', 'gracePeriod', 'lateEarlyRules', 'absentRules', 'attendanceCorrection']
2026-01-31T16:35:11.436634+00:00 - Employee:59 Date:2026-01-31 PolicyOrg:1 PolicyKeys:['shiftTimes', 'gracePeriod', 'lateEarlyRules', 'absentRules', 'attendanceCorrection']
2026-01-31T16:35:11.450663+00:00 - Employee:60 Date:2026-01-31 PolicyOrg:1 PolicyKeys:['shiftTimes', 'gracePeriod', 'lateEarlyRules', 'absentRules', 'attendanceCorrection']
2026-01-31T16:35:11.464722+00:00 - Employee:61 Date:2026-01-31 PolicyOrg:1 PolicyKeys:['shiftTimes', 'gracePeriod', 'lateEarlyRules', 'absentRules', 'attendanceCorrection']
2026-01-31T16:35:11.479916+00:00 - Employee:62 Date:2026-01-31 PolicyOrg:1 PolicyKeys:['shiftTimes', 'gracePeriod', 'lateEarlyRules', 'absentRules', 'attendanceCorrection']
2026-01-31T16:35:11.491648+00:00 - Employee:63 Date:2026-01-31 PolicyOrg:1 PolicyKeys:['shiftTimes', 'gracePeriod', 'lateEarlyRules', 'absentRules', 'attendanceCorrection']
2026-01-31T16:35:11.505583+00:00 - Employee:64 Date:2026-01-31 PolicyOrg:1 PolicyKeys:['shiftTimes', 'gracePeriod', 'lateEarlyRules', 'absentRules', 'attendanceCorrection']
2026-01-31T16:35:11.516902+00:00 - Employee:65 Date:2026-01-31 PolicyOrg:1 PolicyKeys:['shiftTimes', 'gracePeriod', 'lateEarlyRules', 'absentRules', 'attendanceCorrection']
2026-01-31T16:35:11.531476+00:00 - Employee:66 Date:2026-01-31 PolicyOrg:1 PolicyKeys:['shiftTimes', 'gracePeriod', 'lateEarlyRules', 'absentRules', 'attendanceCorrection']
2026-01-31T16:35:11.545897+00:00 - Employee:68 Date:2026-01-31 PolicyOrg:1 PolicyKeys:['shiftTimes', 'gracePeriod', 'lateEarlyRules', 'absentRules', 'attendanceCorrection']
2026-01-31T16:35:11.564299+00:00 - Employee:69 Date:2026-01-31 PolicyOrg:1 PolicyKeys:['shiftTimes', 'gracePeriod', 'lateEarlyRules', 'absentRules', 'attendanceCorrection']
2026-01-31T16:35:11.580215+00:00 - Employee:70 Date:2026-01-31 PolicyOrg:1 PolicyKeys:['shiftTimes', 'gracePeriod', 'lateEarlyRules', 'absentRules', 'attendanceCorrection']
2026-01-31T16:35:11.596341+00:00 - Employee:71 Date:2026-01-31 PolicyOrg:1 PolicyKeys:['shiftTimes', 'gracePeriod', 'lateEarlyRules', 'absentRules', 'attendanceCorrection']
2026-01-31T16:35:11.606794+00:00 - Employee:72 Date:2026-01-31 PolicyOrg:1 PolicyKeys:['shiftTimes', 'gracePeriod', 'lateEarlyRules', 'absentRules', 'attendanceCorrection']
2026-01-31T16:35:11.617680+00:00 - Employee:73 Date:2026-01-31 PolicyOrg:1 PolicyKeys:['shiftTimes', 'gracePeriod', 'lateEarlyRules', 'absentRules', 'attendanceCorrection']
2026-01-31T16:35:11.629586+00:00 - Employee:74 Date:2026-01-31 PolicyOrg:1 PolicyKeys:['shiftTimes', 'gracePeriod', 'lateEarlyRules', 'absentRules', 'attendanceCorrection']
2026-01-31T16:35:11.640964+00:00 - Employee:75 Date:2026-01-31 PolicyOrg:1 PolicyKeys:['shiftTimes', 'gracePeriod', 'lateEarlyRules', 'absentRules', 'attendanceCorrection']
2026-01-31T16:35:11.651463+00:00 - Employee:76 Date:2026-01-31 PolicyOrg:1 PolicyKeys:['shiftTimes', 'gracePeriod', 'lateEarlyRules', 'absentRules', 'attendanceCorrection']
2026-01-31T16:35:11.662748+00:00 - Employee:77 Date:2026-01-31 PolicyOrg:1 PolicyKeys:['shiftTimes', 'gracePeriod', 'lateEarlyRules', 'absentRules', 'attendanceCorrection']
2026-01-31T16:35:11.672996+00:00 - Employee:78 Date:2026-01-31 PolicyOrg:1 PolicyKeys:['shiftTimes', 'gracePeriod', 'lateEarlyRules', 'absentRules', 'attendanceCorrection']
2026-01-31T16:35:11.683974+00:00 - Employee:79 Date:2026-01-31 PolicyOrg:1 PolicyKeys:['shiftTimes', 'gracePeriod', 'lateEarlyRules', 'absentRules', 'attendanceCorrection']
2026-01-31T16:35:11.695481+00:00 - Employee:80 Date:2026-01-31 PolicyOrg:1 PolicyKeys:['shiftTimes', 'gracePeriod', 'lateEarlyRules', 'absentRules', 'attendanceCorrection']
2026-01-31T16:35:11.705159+00:00 - Employee:81 Date:2026-01-31 PolicyOrg:1 PolicyKeys:['shiftTimes', 'gracePeriod', 'lateEarlyRules', 'absentRules', 'attendanceCorrection']
2026-01-31T16:35:11.715482+00:00 - Employee:101 Date:2026-01-31 PolicyOrg:1 PolicyKeys:['shiftTimes', 'gracePeriod', 'lateEarlyRules', 'absentRules', 'attendanceCorrection']
